<?xml version="1.0" encoding="UTF-8"?>
<!-- Generated by org.testng.reporters.JUnitReportReporter -->
<testsuite hostname="DESKTOP-4TNIGFG" name="com.crm.qa.testcases.HomePageTest" tests="1" failures="0" timestamp="11 Sep 2020 15:12:41 GMT" time="19.418" errors="0">
  <testcase name="seatBooking" time="19.418" classname="com.crm.qa.testcases.HomePageTest"/>
</testsuite> <!-- com.crm.qa.testcases.HomePageTest -->
