<?xml version="1.0" encoding="UTF-8"?>
<!-- Generated by org.testng.reporters.JUnitReportReporter -->
<testsuite hostname="DESKTOP-4TNIGFG" name="com.qa.testcases.HomePageTest" tests="1" failures="0" timestamp="11 Sep 2020 17:46:14 GMT" time="15.166" errors="0">
  <testcase name="seatBooking" time="15.166" classname="com.qa.testcases.HomePageTest"/>
</testsuite> <!-- com.qa.testcases.HomePageTest -->
